Determining if the pthread_create exist failed with the following output:
Change Dir: /home/ravi/robotics/catkin_talk_listen/build/catkin_tools_prebuild/CMakeFiles/CMakeTmp

Run Build Command:"/usr/bin/make" "cmTC_310ee/fast"
/usr/bin/make -f CMakeFiles/cmTC_310ee.dir/build.make CMakeFiles/cmTC_310ee.dir/build
make[1]: Entering directory '/home/ravi/robotics/catkin_talk_listen/build/catkin_tools_prebuild/CMakeFiles/CMakeTmp'
Building C object CMakeFiles/cmTC_310ee.dir/CheckSymbolExists.c.o
/usr/bin/cc     -o CMakeFiles/cmTC_310ee.dir/CheckSymbolExists.c.o   -c /home/ravi/robotics/catkin_talk_listen/build/catkin_tools_prebuild/CMakeFiles/CMakeTmp/CheckSymbolExists.c
Linking C executable cmTC_310ee
/usr/bin/cmake -E cmake_link_script CMakeFiles/cmTC_310ee.dir/link.txt --verbose=1
/usr/bin/cc       CMakeFiles/cmTC_310ee.dir/CheckSymbolExists.c.o  -o cmTC_310ee -rdynamic 
CMakeFiles/cmTC_310ee.dir/CheckSymbolExists.c.o: In function `main':
CheckSymbolExists.c:(.text+0x16): undefined reference to `pthread_create'
collect2: error: ld returned 1 exit status
CMakeFiles/cmTC_310ee.dir/build.make:97: recipe for target 'cmTC_310ee' failed
make[1]: *** [cmTC_310ee] Error 1
make[1]: Leaving directory '/home/ravi/robotics/catkin_talk_listen/build/catkin_tools_prebuild/CMakeFiles/CMakeTmp'
Makefile:126: recipe for target 'cmTC_310ee/fast' failed
make: *** [cmTC_310ee/fast] Error 2

File /home/ravi/robotics/catkin_talk_listen/build/catkin_tools_prebuild/CMakeFiles/CMakeTmp/CheckSymbolExists.c:
/* */
#include <pthread.h>

int main(int argc, char** argv)
{
  (void)argv;
#ifndef pthread_create
  return ((int*)(&pthread_create))[argc];
#else
  (void)argc;
  return 0;
#endif
}

Determining if the function pthread_create exists in the pthreads failed with the following output:
Change Dir: /home/ravi/robotics/catkin_talk_listen/build/catkin_tools_prebuild/CMakeFiles/CMakeTmp

Run Build Command:"/usr/bin/make" "cmTC_c0031/fast"
/usr/bin/make -f CMakeFiles/cmTC_c0031.dir/build.make CMakeFiles/cmTC_c0031.dir/build
make[1]: Entering directory '/home/ravi/robotics/catkin_talk_listen/build/catkin_tools_prebuild/CMakeFiles/CMakeTmp'
Building C object CMakeFiles/cmTC_c0031.dir/CheckFunctionExists.c.o
/usr/bin/cc    -DCHECK_FUNCTION_EXISTS=pthread_create   -o CMakeFiles/cmTC_c0031.dir/CheckFunctionExists.c.o   -c /usr/share/cmake-3.5/Modules/CheckFunctionExists.c
Linking C executable cmTC_c0031
/usr/bin/cmake -E cmake_link_script CMakeFiles/cmTC_c0031.dir/link.txt --verbose=1
/usr/bin/cc   -DCHECK_FUNCTION_EXISTS=pthread_create    CMakeFiles/cmTC_c0031.dir/CheckFunctionExists.c.o  -o cmTC_c0031 -rdynamic -lpthreads 
/usr/bin/ld: cannot find -lpthreads
collect2: error: ld returned 1 exit status
CMakeFiles/cmTC_c0031.dir/build.make:97: recipe for target 'cmTC_c0031' failed
make[1]: *** [cmTC_c0031] Error 1
make[1]: Leaving directory '/home/ravi/robotics/catkin_talk_listen/build/catkin_tools_prebuild/CMakeFiles/CMakeTmp'
Makefile:126: recipe for target 'cmTC_c0031/fast' failed
make: *** [cmTC_c0031/fast] Error 2


