Determining if the pthread_create exist failed with the following output:
Change Dir: /home/ravi/robotics/catkin_ws2/build/robo/CMakeFiles/CMakeTmp

Run Build Command:"/usr/bin/make" "cmTC_fc7fd/fast"
/usr/bin/make -f CMakeFiles/cmTC_fc7fd.dir/build.make CMakeFiles/cmTC_fc7fd.dir/build
make[1]: Entering directory '/home/ravi/robotics/catkin_ws2/build/robo/CMakeFiles/CMakeTmp'
Building C object CMakeFiles/cmTC_fc7fd.dir/CheckSymbolExists.c.o
/usr/bin/cc     -o CMakeFiles/cmTC_fc7fd.dir/CheckSymbolExists.c.o   -c /home/ravi/robotics/catkin_ws2/build/robo/CMakeFiles/CMakeTmp/CheckSymbolExists.c
Linking C executable cmTC_fc7fd
/usr/bin/cmake -E cmake_link_script CMakeFiles/cmTC_fc7fd.dir/link.txt --verbose=1
/usr/bin/cc       CMakeFiles/cmTC_fc7fd.dir/CheckSymbolExists.c.o  -o cmTC_fc7fd -rdynamic 
CMakeFiles/cmTC_fc7fd.dir/CheckSymbolExists.c.o: In function `main':
CheckSymbolExists.c:(.text+0x16): undefined reference to `pthread_create'
collect2: error: ld returned 1 exit status
CMakeFiles/cmTC_fc7fd.dir/build.make:97: recipe for target 'cmTC_fc7fd' failed
make[1]: *** [cmTC_fc7fd] Error 1
make[1]: Leaving directory '/home/ravi/robotics/catkin_ws2/build/robo/CMakeFiles/CMakeTmp'
Makefile:126: recipe for target 'cmTC_fc7fd/fast' failed
make: *** [cmTC_fc7fd/fast] Error 2

File /home/ravi/robotics/catkin_ws2/build/robo/CMakeFiles/CMakeTmp/CheckSymbolExists.c:
/* */
#include <pthread.h>

int main(int argc, char** argv)
{
  (void)argv;
#ifndef pthread_create
  return ((int*)(&pthread_create))[argc];
#else
  (void)argc;
  return 0;
#endif
}

Determining if the function pthread_create exists in the pthreads failed with the following output:
Change Dir: /home/ravi/robotics/catkin_ws2/build/robo/CMakeFiles/CMakeTmp

Run Build Command:"/usr/bin/make" "cmTC_5f134/fast"
/usr/bin/make -f CMakeFiles/cmTC_5f134.dir/build.make CMakeFiles/cmTC_5f134.dir/build
make[1]: Entering directory '/home/ravi/robotics/catkin_ws2/build/robo/CMakeFiles/CMakeTmp'
Building C object CMakeFiles/cmTC_5f134.dir/CheckFunctionExists.c.o
/usr/bin/cc    -DCHECK_FUNCTION_EXISTS=pthread_create   -o CMakeFiles/cmTC_5f134.dir/CheckFunctionExists.c.o   -c /usr/share/cmake-3.5/Modules/CheckFunctionExists.c
Linking C executable cmTC_5f134
/usr/bin/cmake -E cmake_link_script CMakeFiles/cmTC_5f134.dir/link.txt --verbose=1
/usr/bin/cc   -DCHECK_FUNCTION_EXISTS=pthread_create    CMakeFiles/cmTC_5f134.dir/CheckFunctionExists.c.o  -o cmTC_5f134 -rdynamic -lpthreads 
/usr/bin/ld: cannot find -lpthreads
collect2: error: ld returned 1 exit status
CMakeFiles/cmTC_5f134.dir/build.make:97: recipe for target 'cmTC_5f134' failed
make[1]: *** [cmTC_5f134] Error 1
make[1]: Leaving directory '/home/ravi/robotics/catkin_ws2/build/robo/CMakeFiles/CMakeTmp'
Makefile:126: recipe for target 'cmTC_5f134/fast' failed
make: *** [cmTC_5f134/fast] Error 2


