[35m[1mScanning dependencies of target std_msgs_generate_messages_eus[0m
[35m[1mScanning dependencies of target std_msgs_generate_messages_py[0m
[35m[1mScanning dependencies of target std_msgs_generate_messages_nodejs[0m
[35m[1mScanning dependencies of target _pkg1_generate_messages_check_deps_Num[0m
[  0%] Built target std_msgs_generate_messages_nodejs
[  0%] Built target std_msgs_generate_messages_eus
[  0%] Built target std_msgs_generate_messages_py
[35m[1mScanning dependencies of target std_msgs_generate_messages_cpp[0m
[35m[1mScanning dependencies of target std_msgs_generate_messages_lisp[0m
[  0%] Built target std_msgs_generate_messages_cpp
[  0%] Built target std_msgs_generate_messages_lisp
[  0%] Built target _pkg1_generate_messages_check_deps_Num
[35m[1mScanning dependencies of target pkg1_generate_messages_lisp[0m
[35m[1mScanning dependencies of target pkg1_generate_messages_eus[0m
[35m[1mScanning dependencies of target pkg1_generate_messages_py[0m
[35m[1mScanning dependencies of target pkg1_generate_messages_nodejs[0m
[ 14%] [34m[1mGenerating Python from MSG pkg1/Num[0m
[ 42%] [34m[1mGenerating Javascript code from pkg1/Num.msg[0m
[ 57%] [34m[1mGenerating EusLisp code from pkg1/Num.msg[0m
[ 28%] [34m[1mGenerating Lisp code from pkg1/Num.msg[0m
[ 71%] [34m[1mGenerating Python msg __init__.py for pkg1[0m
[ 71%] Built target pkg1_generate_messages_py
[ 71%] Built target pkg1_generate_messages_nodejs
[ 71%] Built target pkg1_generate_messages_lisp
[35m[1mScanning dependencies of target pkg1_generate_messages_cpp[0m
[ 85%] [34m[1mGenerating EusLisp manifest code for pkg1[0m
[100%] [34m[1mGenerating C++ code from pkg1/Num.msg[0m
[100%] Built target pkg1_generate_messages_cpp
[100%] Built target pkg1_generate_messages_eus
[35m[1mScanning dependencies of target pkg1_generate_messages[0m
[100%] Built target pkg1_generate_messages
