Determining if the pthread_create exist failed with the following output:
Change Dir: /home/ravi/robotics/catkin_tf/build/catkin_tools_prebuild/CMakeFiles/CMakeTmp

Run Build Command:"/usr/bin/make" "cmTC_5242a/fast"
/usr/bin/make -f CMakeFiles/cmTC_5242a.dir/build.make CMakeFiles/cmTC_5242a.dir/build
make[1]: Entering directory '/home/ravi/robotics/catkin_tf/build/catkin_tools_prebuild/CMakeFiles/CMakeTmp'
Building C object CMakeFiles/cmTC_5242a.dir/CheckSymbolExists.c.o
/usr/bin/cc     -o CMakeFiles/cmTC_5242a.dir/CheckSymbolExists.c.o   -c /home/ravi/robotics/catkin_tf/build/catkin_tools_prebuild/CMakeFiles/CMakeTmp/CheckSymbolExists.c
Linking C executable cmTC_5242a
/usr/bin/cmake -E cmake_link_script CMakeFiles/cmTC_5242a.dir/link.txt --verbose=1
/usr/bin/cc       CMakeFiles/cmTC_5242a.dir/CheckSymbolExists.c.o  -o cmTC_5242a -rdynamic 
CMakeFiles/cmTC_5242a.dir/CheckSymbolExists.c.o: In function `main':
CheckSymbolExists.c:(.text+0x16): undefined reference to `pthread_create'
collect2: error: ld returned 1 exit status
CMakeFiles/cmTC_5242a.dir/build.make:97: recipe for target 'cmTC_5242a' failed
make[1]: *** [cmTC_5242a] Error 1
make[1]: Leaving directory '/home/ravi/robotics/catkin_tf/build/catkin_tools_prebuild/CMakeFiles/CMakeTmp'
Makefile:126: recipe for target 'cmTC_5242a/fast' failed
make: *** [cmTC_5242a/fast] Error 2

File /home/ravi/robotics/catkin_tf/build/catkin_tools_prebuild/CMakeFiles/CMakeTmp/CheckSymbolExists.c:
/* */
#include <pthread.h>

int main(int argc, char** argv)
{
  (void)argv;
#ifndef pthread_create
  return ((int*)(&pthread_create))[argc];
#else
  (void)argc;
  return 0;
#endif
}

Determining if the function pthread_create exists in the pthreads failed with the following output:
Change Dir: /home/ravi/robotics/catkin_tf/build/catkin_tools_prebuild/CMakeFiles/CMakeTmp

Run Build Command:"/usr/bin/make" "cmTC_66903/fast"
/usr/bin/make -f CMakeFiles/cmTC_66903.dir/build.make CMakeFiles/cmTC_66903.dir/build
make[1]: Entering directory '/home/ravi/robotics/catkin_tf/build/catkin_tools_prebuild/CMakeFiles/CMakeTmp'
Building C object CMakeFiles/cmTC_66903.dir/CheckFunctionExists.c.o
/usr/bin/cc    -DCHECK_FUNCTION_EXISTS=pthread_create   -o CMakeFiles/cmTC_66903.dir/CheckFunctionExists.c.o   -c /usr/share/cmake-3.5/Modules/CheckFunctionExists.c
Linking C executable cmTC_66903
/usr/bin/cmake -E cmake_link_script CMakeFiles/cmTC_66903.dir/link.txt --verbose=1
/usr/bin/cc   -DCHECK_FUNCTION_EXISTS=pthread_create    CMakeFiles/cmTC_66903.dir/CheckFunctionExists.c.o  -o cmTC_66903 -rdynamic -lpthreads 
/usr/bin/ld: cannot find -lpthreads
collect2: error: ld returned 1 exit status
CMakeFiles/cmTC_66903.dir/build.make:97: recipe for target 'cmTC_66903' failed
make[1]: *** [cmTC_66903] Error 1
make[1]: Leaving directory '/home/ravi/robotics/catkin_tf/build/catkin_tools_prebuild/CMakeFiles/CMakeTmp'
Makefile:126: recipe for target 'cmTC_66903/fast' failed
make: *** [cmTC_66903/fast] Error 2


