Determining if the pthread_create exist failed with the following output:
Change Dir: /home/ravi/robotics/catkin_ws1/build/robo/CMakeFiles/CMakeTmp

Run Build Command:"/usr/bin/make" "cmTC_28fa0/fast"
/usr/bin/make -f CMakeFiles/cmTC_28fa0.dir/build.make CMakeFiles/cmTC_28fa0.dir/build
make[1]: Entering directory '/home/ravi/robotics/catkin_ws1/build/robo/CMakeFiles/CMakeTmp'
Building C object CMakeFiles/cmTC_28fa0.dir/CheckSymbolExists.c.o
/usr/bin/cc     -o CMakeFiles/cmTC_28fa0.dir/CheckSymbolExists.c.o   -c /home/ravi/robotics/catkin_ws1/build/robo/CMakeFiles/CMakeTmp/CheckSymbolExists.c
Linking C executable cmTC_28fa0
/usr/bin/cmake -E cmake_link_script CMakeFiles/cmTC_28fa0.dir/link.txt --verbose=1
/usr/bin/cc       CMakeFiles/cmTC_28fa0.dir/CheckSymbolExists.c.o  -o cmTC_28fa0 -rdynamic 
CMakeFiles/cmTC_28fa0.dir/CheckSymbolExists.c.o: In function `main':
CheckSymbolExists.c:(.text+0x16): undefined reference to `pthread_create'
collect2: error: ld returned 1 exit status
CMakeFiles/cmTC_28fa0.dir/build.make:97: recipe for target 'cmTC_28fa0' failed
make[1]: *** [cmTC_28fa0] Error 1
make[1]: Leaving directory '/home/ravi/robotics/catkin_ws1/build/robo/CMakeFiles/CMakeTmp'
Makefile:126: recipe for target 'cmTC_28fa0/fast' failed
make: *** [cmTC_28fa0/fast] Error 2

File /home/ravi/robotics/catkin_ws1/build/robo/CMakeFiles/CMakeTmp/CheckSymbolExists.c:
/* */
#include <pthread.h>

int main(int argc, char** argv)
{
  (void)argv;
#ifndef pthread_create
  return ((int*)(&pthread_create))[argc];
#else
  (void)argc;
  return 0;
#endif
}

Determining if the function pthread_create exists in the pthreads failed with the following output:
Change Dir: /home/ravi/robotics/catkin_ws1/build/robo/CMakeFiles/CMakeTmp

Run Build Command:"/usr/bin/make" "cmTC_9608b/fast"
/usr/bin/make -f CMakeFiles/cmTC_9608b.dir/build.make CMakeFiles/cmTC_9608b.dir/build
make[1]: Entering directory '/home/ravi/robotics/catkin_ws1/build/robo/CMakeFiles/CMakeTmp'
Building C object CMakeFiles/cmTC_9608b.dir/CheckFunctionExists.c.o
/usr/bin/cc    -DCHECK_FUNCTION_EXISTS=pthread_create   -o CMakeFiles/cmTC_9608b.dir/CheckFunctionExists.c.o   -c /usr/share/cmake-3.5/Modules/CheckFunctionExists.c
Linking C executable cmTC_9608b
/usr/bin/cmake -E cmake_link_script CMakeFiles/cmTC_9608b.dir/link.txt --verbose=1
/usr/bin/cc   -DCHECK_FUNCTION_EXISTS=pthread_create    CMakeFiles/cmTC_9608b.dir/CheckFunctionExists.c.o  -o cmTC_9608b -rdynamic -lpthreads 
/usr/bin/ld: cannot find -lpthreads
collect2: error: ld returned 1 exit status
CMakeFiles/cmTC_9608b.dir/build.make:97: recipe for target 'cmTC_9608b' failed
make[1]: *** [cmTC_9608b] Error 1
make[1]: Leaving directory '/home/ravi/robotics/catkin_ws1/build/robo/CMakeFiles/CMakeTmp'
Makefile:126: recipe for target 'cmTC_9608b/fast' failed
make: *** [cmTC_9608b/fast] Error 2


