Determining if the pthread_create exist failed with the following output:
Change Dir: /home/ravi/robotics/catkin_ws/build/catkin_tools_prebuild/CMakeFiles/CMakeTmp

Run Build Command:"/usr/bin/make" "cmTC_cfaab/fast"
/usr/bin/make -f CMakeFiles/cmTC_cfaab.dir/build.make CMakeFiles/cmTC_cfaab.dir/build
make[1]: Entering directory '/home/ravi/robotics/catkin_ws/build/catkin_tools_prebuild/CMakeFiles/CMakeTmp'
Building C object CMakeFiles/cmTC_cfaab.dir/CheckSymbolExists.c.o
/usr/bin/cc     -o CMakeFiles/cmTC_cfaab.dir/CheckSymbolExists.c.o   -c /home/ravi/robotics/catkin_ws/build/catkin_tools_prebuild/CMakeFiles/CMakeTmp/CheckSymbolExists.c
Linking C executable cmTC_cfaab
/usr/bin/cmake -E cmake_link_script CMakeFiles/cmTC_cfaab.dir/link.txt --verbose=1
/usr/bin/cc       CMakeFiles/cmTC_cfaab.dir/CheckSymbolExists.c.o  -o cmTC_cfaab -rdynamic 
CMakeFiles/cmTC_cfaab.dir/CheckSymbolExists.c.o: In function `main':
CheckSymbolExists.c:(.text+0x16): undefined reference to `pthread_create'
collect2: error: ld returned 1 exit status
CMakeFiles/cmTC_cfaab.dir/build.make:97: recipe for target 'cmTC_cfaab' failed
make[1]: *** [cmTC_cfaab] Error 1
make[1]: Leaving directory '/home/ravi/robotics/catkin_ws/build/catkin_tools_prebuild/CMakeFiles/CMakeTmp'
Makefile:126: recipe for target 'cmTC_cfaab/fast' failed
make: *** [cmTC_cfaab/fast] Error 2

File /home/ravi/robotics/catkin_ws/build/catkin_tools_prebuild/CMakeFiles/CMakeTmp/CheckSymbolExists.c:
/* */
#include <pthread.h>

int main(int argc, char** argv)
{
  (void)argv;
#ifndef pthread_create
  return ((int*)(&pthread_create))[argc];
#else
  (void)argc;
  return 0;
#endif
}

Determining if the function pthread_create exists in the pthreads failed with the following output:
Change Dir: /home/ravi/robotics/catkin_ws/build/catkin_tools_prebuild/CMakeFiles/CMakeTmp

Run Build Command:"/usr/bin/make" "cmTC_4a027/fast"
/usr/bin/make -f CMakeFiles/cmTC_4a027.dir/build.make CMakeFiles/cmTC_4a027.dir/build
make[1]: Entering directory '/home/ravi/robotics/catkin_ws/build/catkin_tools_prebuild/CMakeFiles/CMakeTmp'
Building C object CMakeFiles/cmTC_4a027.dir/CheckFunctionExists.c.o
/usr/bin/cc    -DCHECK_FUNCTION_EXISTS=pthread_create   -o CMakeFiles/cmTC_4a027.dir/CheckFunctionExists.c.o   -c /usr/share/cmake-3.5/Modules/CheckFunctionExists.c
Linking C executable cmTC_4a027
/usr/bin/cmake -E cmake_link_script CMakeFiles/cmTC_4a027.dir/link.txt --verbose=1
/usr/bin/cc   -DCHECK_FUNCTION_EXISTS=pthread_create    CMakeFiles/cmTC_4a027.dir/CheckFunctionExists.c.o  -o cmTC_4a027 -rdynamic -lpthreads 
/usr/bin/ld: cannot find -lpthreads
collect2: error: ld returned 1 exit status
CMakeFiles/cmTC_4a027.dir/build.make:97: recipe for target 'cmTC_4a027' failed
make[1]: *** [cmTC_4a027] Error 1
make[1]: Leaving directory '/home/ravi/robotics/catkin_ws/build/catkin_tools_prebuild/CMakeFiles/CMakeTmp'
Makefile:126: recipe for target 'cmTC_4a027/fast' failed
make: *** [cmTC_4a027/fast] Error 2


