Determining if the pthread_create exist failed with the following output:
Change Dir: /home/ravi/robotics/catkin_ws3/build/package1/CMakeFiles/CMakeTmp

Run Build Command:"/usr/bin/make" "cmTC_492af/fast"
/usr/bin/make -f CMakeFiles/cmTC_492af.dir/build.make CMakeFiles/cmTC_492af.dir/build
make[1]: Entering directory '/home/ravi/robotics/catkin_ws3/build/package1/CMakeFiles/CMakeTmp'
Building C object CMakeFiles/cmTC_492af.dir/CheckSymbolExists.c.o
/usr/bin/cc     -o CMakeFiles/cmTC_492af.dir/CheckSymbolExists.c.o   -c /home/ravi/robotics/catkin_ws3/build/package1/CMakeFiles/CMakeTmp/CheckSymbolExists.c
Linking C executable cmTC_492af
/usr/bin/cmake -E cmake_link_script CMakeFiles/cmTC_492af.dir/link.txt --verbose=1
/usr/bin/cc       CMakeFiles/cmTC_492af.dir/CheckSymbolExists.c.o  -o cmTC_492af -rdynamic 
CMakeFiles/cmTC_492af.dir/CheckSymbolExists.c.o: In function `main':
CheckSymbolExists.c:(.text+0x16): undefined reference to `pthread_create'
collect2: error: ld returned 1 exit status
CMakeFiles/cmTC_492af.dir/build.make:97: recipe for target 'cmTC_492af' failed
make[1]: *** [cmTC_492af] Error 1
make[1]: Leaving directory '/home/ravi/robotics/catkin_ws3/build/package1/CMakeFiles/CMakeTmp'
Makefile:126: recipe for target 'cmTC_492af/fast' failed
make: *** [cmTC_492af/fast] Error 2

File /home/ravi/robotics/catkin_ws3/build/package1/CMakeFiles/CMakeTmp/CheckSymbolExists.c:
/* */
#include <pthread.h>

int main(int argc, char** argv)
{
  (void)argv;
#ifndef pthread_create
  return ((int*)(&pthread_create))[argc];
#else
  (void)argc;
  return 0;
#endif
}

Determining if the function pthread_create exists in the pthreads failed with the following output:
Change Dir: /home/ravi/robotics/catkin_ws3/build/package1/CMakeFiles/CMakeTmp

Run Build Command:"/usr/bin/make" "cmTC_930ad/fast"
/usr/bin/make -f CMakeFiles/cmTC_930ad.dir/build.make CMakeFiles/cmTC_930ad.dir/build
make[1]: Entering directory '/home/ravi/robotics/catkin_ws3/build/package1/CMakeFiles/CMakeTmp'
Building C object CMakeFiles/cmTC_930ad.dir/CheckFunctionExists.c.o
/usr/bin/cc    -DCHECK_FUNCTION_EXISTS=pthread_create   -o CMakeFiles/cmTC_930ad.dir/CheckFunctionExists.c.o   -c /usr/share/cmake-3.5/Modules/CheckFunctionExists.c
Linking C executable cmTC_930ad
/usr/bin/cmake -E cmake_link_script CMakeFiles/cmTC_930ad.dir/link.txt --verbose=1
/usr/bin/cc   -DCHECK_FUNCTION_EXISTS=pthread_create    CMakeFiles/cmTC_930ad.dir/CheckFunctionExists.c.o  -o cmTC_930ad -rdynamic -lpthreads 
/usr/bin/ld: cannot find -lpthreads
collect2: error: ld returned 1 exit status
CMakeFiles/cmTC_930ad.dir/build.make:97: recipe for target 'cmTC_930ad' failed
make[1]: *** [cmTC_930ad] Error 1
make[1]: Leaving directory '/home/ravi/robotics/catkin_ws3/build/package1/CMakeFiles/CMakeTmp'
Makefile:126: recipe for target 'cmTC_930ad/fast' failed
make: *** [cmTC_930ad/fast] Error 2


