[35m[1mScanning dependencies of target std_msgs_generate_messages_lisp[0m
[35m[1mScanning dependencies of target talker[0m
[35m[1mScanning dependencies of target std_msgs_generate_messages_nodejs[0m
[35m[1mScanning dependencies of target std_msgs_generate_messages_cpp[0m
[  0%] Built target std_msgs_generate_messages_lisp
[  0%] Built target std_msgs_generate_messages_nodejs
[  0%] Built target std_msgs_generate_messages_cpp
[35m[1mScanning dependencies of target std_msgs_generate_messages_eus[0m
[35m[1mScanning dependencies of target std_msgs_generate_messages_py[0m
[35m[1mScanning dependencies of target robo_generate_messages_cpp[0m
[  0%] Built target std_msgs_generate_messages_eus
[  0%] Built target std_msgs_generate_messages_py
[  0%] Built target robo_generate_messages_cpp
[35m[1mScanning dependencies of target robo_generate_messages_nodejs[0m
[35m[1mScanning dependencies of target robo_generate_messages_lisp[0m
[35m[1mScanning dependencies of target robo_generate_messages_py[0m
[  0%] Built target robo_generate_messages_nodejs
[  0%] Built target robo_generate_messages_lisp
[  0%] Built target robo_generate_messages_py
[35m[1mScanning dependencies of target robo_generate_messages_eus[0m
[ 33%] [34m[1mGenerating EusLisp manifest code for robo[0m
[ 66%] [32mBuilding CXX object CMakeFiles/talker.dir/src/talker.cpp.o[0m
[ 66%] Built target robo_generate_messages_eus
[35m[1mScanning dependencies of target robo_generate_messages[0m
[ 66%] Built target robo_generate_messages
[100%] [32m[1mLinking CXX executable /home/ravi/robotics/catkin_talk_listen/devel/.private/robo/lib/robo/talker[0m
[100%] Built target talker
