[36m--[0m Using CATKIN_DEVEL_PREFIX: /home/ravi/robotics/catkin_talk_listen/devel/.private/robo
[36m--[0m Using CMAKE_PREFIX_PATH: /home/ravi/robotics/catkin_talk_listen/devel;/home/ravi/robotics/catkin_ws1/devel;/opt/ros/kinetic
[36m--[0m This workspace overlays: /home/ravi/robotics/catkin_talk_listen/devel;/home/ravi/robotics/catkin_ws1/devel;/opt/ros/kinetic
[36m--[0m Using PYTHON_EXECUTABLE: /usr/bin/python
[36m--[0m Using Debian Python package layout
[36m--[0m Using empy: /usr/bin/empy
[36m--[0m Using CATKIN_ENABLE_TESTING: ON
[36m--[0m Call enable_testing()
[36m--[0m Using CATKIN_TEST_RESULTS_DIR: /home/ravi/robotics/catkin_talk_listen/build/robo/test_results
[36m--[0m Found gtest sources under '/usr/src/gtest': gtests will be built
[36m--[0m Using Python nosetests: /usr/bin/nosetests-2.7
[36m--[0m catkin 0.7.6
[36m--[0m Using these message generators: gencpp;geneus;genlisp;gennodejs;genpy
[33m[1mCMake Warning[0m at /home/ravi/robotics/catkin_talk_listen/build/robo/cmake/robo-genmsg.cmake:3 (message):
  Invoking generate_messages() without having added any message or service
  file before.

  You should either add add_message_files() and/or add_service_files() calls
  or remove the invocation of generate_messages().
[36mCall Stack (most recent call first):[0m
  /opt/ros/kinetic/share/genmsg/cmake/genmsg-extras.cmake:307 (include)
  CMakeLists.txt:72 (generate_messages)


[36m--[0m robo: 0 messages, 0 services
[31m[1mCMake Error[0m at /home/ravi/robotics/catkin_talk_listen/src/robo/CMakeLists.txt:133 (add_dependencies):
  Cannot add target-level dependencies to non-existent target "talker".

  The add_dependencies works for top-level logical targets created by the
  add_executable, add_library, or add_custom_target commands.  If you want to
  add file-level dependencies see the DEPENDS option of the add_custom_target
  and add_custom_command commands.


[31m[1mCMake Error[0m at /home/ravi/robotics/catkin_talk_listen/src/robo/CMakeLists.txt:134 (add_dependencies):
  Cannot add target-level dependencies to non-existent target "listener".

  The add_dependencies works for top-level logical targets created by the
  add_executable, add_library, or add_custom_target commands.  If you want to
  add file-level dependencies see the DEPENDS option of the add_custom_target
  and add_custom_command commands.


[36m--[0m Configuring incomplete, errors occurred!
See also "/home/ravi/robotics/catkin_talk_listen/build/robo/CMakeFiles/CMakeOutput.log".
See also "/home/ravi/robotics/catkin_talk_listen/build/robo/CMakeFiles/CMakeError.log".
Makefile:698: recipe for target 'cmake_check_build_system' failed
make: *** [cmake_check_build_system] Error 1
