[36m--[0m Using CATKIN_DEVEL_PREFIX: /home/ravi/robotics/catkin_talk_listen/devel/.private/robo
[36m--[0m Using CMAKE_PREFIX_PATH: /home/ravi/robotics/catkin_talk_listen/devel;/home/ravi/robotics/catkin_ws1/devel;/opt/ros/kinetic
[36m--[0m This workspace overlays: /home/ravi/robotics/catkin_talk_listen/devel;/home/ravi/robotics/catkin_ws1/devel;/opt/ros/kinetic
[36m--[0m Using PYTHON_EXECUTABLE: /usr/bin/python
[36m--[0m Using Debian Python package layout
[36m--[0m Using empy: /usr/bin/empy
[36m--[0m Using CATKIN_ENABLE_TESTING: ON
[36m--[0m Call enable_testing()
[36m--[0m Using CATKIN_TEST_RESULTS_DIR: /home/ravi/robotics/catkin_talk_listen/build/robo/test_results
[36m--[0m Found gtest sources under '/usr/src/gtest': gtests will be built
[36m--[0m Using Python nosetests: /usr/bin/nosetests-2.7
[36m--[0m catkin 0.7.6
[36m--[0m Using these message generators: gencpp;geneus;genlisp;gennodejs;genpy
[33m[1mCMake Warning[0m at /home/ravi/robotics/catkin_talk_listen/build/robo/cmake/robo-genmsg.cmake:3 (message):
  Invoking generate_messages() without having added any message or service
  file before.

  You should either add add_message_files() and/or add_service_files() calls
  or remove the invocation of generate_messages().
[36mCall Stack (most recent call first):[0m
  /opt/ros/kinetic/share/genmsg/cmake/genmsg-extras.cmake:307 (include)
  CMakeLists.txt:72 (generate_messages)


[36m--[0m robo: 0 messages, 0 services
[36m--[0m Configuring done
CMake Warning (dev) at CMakeLists.txt:148 (add_dependencies):
  Policy CMP0046 is not set: Error on non-existent dependency in
  add_dependencies.  Run "cmake --help-policy CMP0046" for policy details.
  Use the cmake_policy command to set the policy and suppress this warning.

  The dependency target "src/talker.cpp" of target "talker" does not exist.
This warning is for project developers.  Use -Wno-dev to suppress it.

[36m--[0m Generating done
[36m--[0m Build files have been written to: /home/ravi/robotics/catkin_talk_listen/build/robo
